<?xml version="1.0" encoding="UTF-8"?>
<testsuite xmlns:xsi="http://www.w3.org/2001/XMLSchema-instance" xsi:noNamespaceSchemaLocation="https://maven.apache.org/surefire/maven-surefire-plugin/xsd/surefire-test-report.xsd" name="mflix.api.daos.MigrationTest" time="8.009" tests="2" errors="0" skipped="0" failures="2">
  <properties>
    <property name="sun.desktop" value="windows"/>
    <property name="awt.toolkit" value="sun.awt.windows.WToolkit"/>
    <property name="file.encoding.pkg" value="sun.io"/>
    <property name="java.specification.version" value="1.8"/>
    <property name="sun.cpu.isalist" value="amd64"/>
    <property name="sun.jnu.encoding" value="Cp1252"/>
    <property name="java.class.path" value="C:\Users\jkel7\Documents\workspace-spring\mflix\target\test-classes;C:\Users\jkel7\Documents\workspace-spring\mflix\target\classes;C:\Users\jkel7\.m2\repository\org\springframework\boot\spring-boot-starter-web\2.0.3.RELEASE\spring-boot-starter-web-2.0.3.RELEASE.jar;C:\Users\jkel7\.m2\repository\org\springframework\boot\spring-boot-starter\2.0.3.RELEASE\spring-boot-starter-2.0.3.RELEASE.jar;C:\Users\jkel7\.m2\repository\org\springframework\boot\spring-boot-starter-logging\2.0.3.RELEASE\spring-boot-starter-logging-2.0.3.RELEASE.jar;C:\Users\jkel7\.m2\repository\ch\qos\logback\logback-classic\1.2.3\logback-classic-1.2.3.jar;C:\Users\jkel7\.m2\repository\ch\qos\logback\logback-core\1.2.3\logback-core-1.2.3.jar;C:\Users\jkel7\.m2\repository\org\apache\logging\log4j\log4j-to-slf4j\2.10.0\log4j-to-slf4j-2.10.0.jar;C:\Users\jkel7\.m2\repository\org\apache\logging\log4j\log4j-api\2.10.0\log4j-api-2.10.0.jar;C:\Users\jkel7\.m2\repository\org\slf4j\jul-to-slf4j\1.7.25\jul-to-slf4j-1.7.25.jar;C:\Users\jkel7\.m2\repository\javax\annotation\javax.annotation-api\1.3.2\javax.annotation-api-1.3.2.jar;C:\Users\jkel7\.m2\repository\org\yaml\snakeyaml\1.19\snakeyaml-1.19.jar;C:\Users\jkel7\.m2\repository\org\springframework\boot\spring-boot-starter-json\2.0.3.RELEASE\spring-boot-starter-json-2.0.3.RELEASE.jar;C:\Users\jkel7\.m2\repository\com\fasterxml\jackson\datatype\jackson-datatype-jdk8\2.9.6\jackson-datatype-jdk8-2.9.6.jar;C:\Users\jkel7\.m2\repository\com\fasterxml\jackson\datatype\jackson-datatype-jsr310\2.9.6\jackson-datatype-jsr310-2.9.6.jar;C:\Users\jkel7\.m2\repository\com\fasterxml\jackson\module\jackson-module-parameter-names\2.9.6\jackson-module-parameter-names-2.9.6.jar;C:\Users\jkel7\.m2\repository\org\springframework\boot\spring-boot-starter-tomcat\2.0.3.RELEASE\spring-boot-starter-tomcat-2.0.3.RELEASE.jar;C:\Users\jkel7\.m2\repository\org\apache\tomcat\embed\tomcat-embed-core\8.5.31\tomcat-embed-core-8.5.31.jar;C:\Users\jkel7\.m2\repository\org\apache\tomcat\embed\tomcat-embed-el\8.5.31\tomcat-embed-el-8.5.31.jar;C:\Users\jkel7\.m2\repository\org\apache\tomcat\embed\tomcat-embed-websocket\8.5.31\tomcat-embed-websocket-8.5.31.jar;C:\Users\jkel7\.m2\repository\org\hibernate\validator\hibernate-validator\6.0.10.Final\hibernate-validator-6.0.10.Final.jar;C:\Users\jkel7\.m2\repository\javax\validation\validation-api\2.0.1.Final\validation-api-2.0.1.Final.jar;C:\Users\jkel7\.m2\repository\org\jboss\logging\jboss-logging\3.3.2.Final\jboss-logging-3.3.2.Final.jar;C:\Users\jkel7\.m2\repository\com\fasterxml\classmate\1.3.4\classmate-1.3.4.jar;C:\Users\jkel7\.m2\repository\org\springframework\spring-webmvc\5.0.7.RELEASE\spring-webmvc-5.0.7.RELEASE.jar;C:\Users\jkel7\.m2\repository\org\springframework\boot\spring-boot-starter-test\2.0.3.RELEASE\spring-boot-starter-test-2.0.3.RELEASE.jar;C:\Users\jkel7\.m2\repository\org\springframework\boot\spring-boot-test\2.0.3.RELEASE\spring-boot-test-2.0.3.RELEASE.jar;C:\Users\jkel7\.m2\repository\org\springframework\boot\spring-boot-test-autoconfigure\2.0.3.RELEASE\spring-boot-test-autoconfigure-2.0.3.RELEASE.jar;C:\Users\jkel7\.m2\repository\com\jayway\jsonpath\json-path\2.4.0\json-path-2.4.0.jar;C:\Users\jkel7\.m2\repository\net\minidev\json-smart\2.3\json-smart-2.3.jar;C:\Users\jkel7\.m2\repository\net\minidev\accessors-smart\1.2\accessors-smart-1.2.jar;C:\Users\jkel7\.m2\repository\org\ow2\asm\asm\5.0.4\asm-5.0.4.jar;C:\Users\jkel7\.m2\repository\org\slf4j\slf4j-api\1.7.25\slf4j-api-1.7.25.jar;C:\Users\jkel7\.m2\repository\junit\junit\4.12\junit-4.12.jar;C:\Users\jkel7\.m2\repository\org\assertj\assertj-core\3.9.1\assertj-core-3.9.1.jar;C:\Users\jkel7\.m2\repository\org\mockito\mockito-core\2.15.0\mockito-core-2.15.0.jar;C:\Users\jkel7\.m2\repository\net\bytebuddy\byte-buddy\1.7.9\byte-buddy-1.7.9.jar;C:\Users\jkel7\.m2\repository\net\bytebuddy\byte-buddy-agent\1.7.9\byte-buddy-agent-1.7.9.jar;C:\Users\jkel7\.m2\repository\org\objenesis\objenesis\2.6\objenesis-2.6.jar;C:\Users\jkel7\.m2\repository\org\hamcrest\hamcrest-core\1.3\hamcrest-core-1.3.jar;C:\Users\jkel7\.m2\repository\org\hamcrest\hamcrest-library\1.3\hamcrest-library-1.3.jar;C:\Users\jkel7\.m2\repository\org\skyscreamer\jsonassert\1.5.0\jsonassert-1.5.0.jar;C:\Users\jkel7\.m2\repository\com\vaadin\external\google\android-json\0.0.20131108.vaadin1\android-json-0.0.20131108.vaadin1.jar;C:\Users\jkel7\.m2\repository\org\springframework\spring-test\5.0.7.RELEASE\spring-test-5.0.7.RELEASE.jar;C:\Users\jkel7\.m2\repository\org\xmlunit\xmlunit-core\2.5.1\xmlunit-core-2.5.1.jar;C:\Users\jkel7\.m2\repository\org\springframework\boot\spring-boot-starter-security\2.0.4.RELEASE\spring-boot-starter-security-2.0.4.RELEASE.jar;C:\Users\jkel7\.m2\repository\org\springframework\spring-aop\5.0.8.RELEASE\spring-aop-5.0.8.RELEASE.jar;C:\Users\jkel7\.m2\repository\org\springframework\security\spring-security-config\5.0.7.RELEASE\spring-security-config-5.0.7.RELEASE.jar;C:\Users\jkel7\.m2\repository\org\springframework\security\spring-security-core\5.0.7.RELEASE\spring-security-core-5.0.7.RELEASE.jar;C:\Users\jkel7\.m2\repository\org\springframework\security\spring-security-web\5.0.7.RELEASE\spring-security-web-5.0.7.RELEASE.jar;C:\Users\jkel7\.m2\repository\org\springframework\boot\spring-boot\2.0.4.RELEASE\spring-boot-2.0.4.RELEASE.jar;C:\Users\jkel7\.m2\repository\org\springframework\spring-context\5.0.7.RELEASE\spring-context-5.0.7.RELEASE.jar;C:\Users\jkel7\.m2\repository\org\springframework\spring-beans\5.0.7.RELEASE\spring-beans-5.0.7.RELEASE.jar;C:\Users\jkel7\.m2\repository\org\springframework\spring-expression\5.0.7.RELEASE\spring-expression-5.0.7.RELEASE.jar;C:\Users\jkel7\.m2\repository\org\springframework\spring-core\5.0.7.RELEASE\spring-core-5.0.7.RELEASE.jar;C:\Users\jkel7\.m2\repository\org\springframework\spring-jcl\5.0.7.RELEASE\spring-jcl-5.0.7.RELEASE.jar;C:\Users\jkel7\.m2\repository\org\springframework\boot\spring-boot-autoconfigure\2.0.3.RELEASE\spring-boot-autoconfigure-2.0.3.RELEASE.jar;C:\Users\jkel7\.m2\repository\org\springframework\spring-web\5.0.7.RELEASE\spring-web-5.0.7.RELEASE.jar;C:\Users\jkel7\.m2\repository\io\jsonwebtoken\jjwt\0.9.1\jjwt-0.9.1.jar;C:\Users\jkel7\.m2\repository\com\fasterxml\jackson\core\jackson-databind\2.9.6\jackson-databind-2.9.6.jar;C:\Users\jkel7\.m2\repository\com\fasterxml\jackson\core\jackson-annotations\2.9.0\jackson-annotations-2.9.0.jar;C:\Users\jkel7\.m2\repository\com\fasterxml\jackson\core\jackson-core\2.9.6\jackson-core-2.9.6.jar;C:\Users\jkel7\.m2\repository\org\junit\jupiter\junit-jupiter-api\5.1.0\junit-jupiter-api-5.1.0.jar;C:\Users\jkel7\.m2\repository\org\apiguardian\apiguardian-api\1.0.0\apiguardian-api-1.0.0.jar;C:\Users\jkel7\.m2\repository\org\opentest4j\opentest4j\1.0.0\opentest4j-1.0.0.jar;C:\Users\jkel7\.m2\repository\org\junit\platform\junit-platform-commons\1.1.0\junit-platform-commons-1.1.0.jar;C:\Users\jkel7\.m2\repository\org\mongodb\mongodb-driver-sync\3.9.1\mongodb-driver-sync-3.9.1.jar;C:\Users\jkel7\.m2\repository\org\mongodb\bson\3.9.1\bson-3.9.1.jar;C:\Users\jkel7\.m2\repository\org\mongodb\mongodb-driver-core\3.9.1\mongodb-driver-core-3.9.1.jar;"/>
    <property name="java.vm.vendor" value="Oracle Corporation"/>
    <property name="sun.arch.data.model" value="64"/>
    <property name="user.variant" value=""/>
    <property name="java.vendor.url" value="http://java.oracle.com/"/>
    <property name="user.timezone" value="America/Montevideo"/>
    <property name="java.vm.specification.version" value="1.8"/>
    <property name="os.name" value="Windows 10"/>
    <property name="user.country" value="US"/>
    <property name="sun.java.launcher" value="SUN_STANDARD"/>
    <property name="sun.boot.library.path" value="C:\Program Files\Java\jdk1.8.0_221\jre\bin"/>
    <property name="sun.java.command" value="C:\Users\jkel7\AppData\Local\Temp\surefire7789242810908442678\surefirebooter2871576699829496207.jar C:\Users\jkel7\AppData\Local\Temp\surefire7789242810908442678 2019-10-01T08-51-43_517-jvmRun1 surefire1463496796152788405tmp surefire_08619607697123696130tmp"/>
    <property name="test" value="MigrationTest"/>
    <property name="surefire.test.class.path" value="C:\Users\jkel7\Documents\workspace-spring\mflix\target\test-classes;C:\Users\jkel7\Documents\workspace-spring\mflix\target\classes;C:\Users\jkel7\.m2\repository\org\springframework\boot\spring-boot-starter-web\2.0.3.RELEASE\spring-boot-starter-web-2.0.3.RELEASE.jar;C:\Users\jkel7\.m2\repository\org\springframework\boot\spring-boot-starter\2.0.3.RELEASE\spring-boot-starter-2.0.3.RELEASE.jar;C:\Users\jkel7\.m2\repository\org\springframework\boot\spring-boot-starter-logging\2.0.3.RELEASE\spring-boot-starter-logging-2.0.3.RELEASE.jar;C:\Users\jkel7\.m2\repository\ch\qos\logback\logback-classic\1.2.3\logback-classic-1.2.3.jar;C:\Users\jkel7\.m2\repository\ch\qos\logback\logback-core\1.2.3\logback-core-1.2.3.jar;C:\Users\jkel7\.m2\repository\org\apache\logging\log4j\log4j-to-slf4j\2.10.0\log4j-to-slf4j-2.10.0.jar;C:\Users\jkel7\.m2\repository\org\apache\logging\log4j\log4j-api\2.10.0\log4j-api-2.10.0.jar;C:\Users\jkel7\.m2\repository\org\slf4j\jul-to-slf4j\1.7.25\jul-to-slf4j-1.7.25.jar;C:\Users\jkel7\.m2\repository\javax\annotation\javax.annotation-api\1.3.2\javax.annotation-api-1.3.2.jar;C:\Users\jkel7\.m2\repository\org\yaml\snakeyaml\1.19\snakeyaml-1.19.jar;C:\Users\jkel7\.m2\repository\org\springframework\boot\spring-boot-starter-json\2.0.3.RELEASE\spring-boot-starter-json-2.0.3.RELEASE.jar;C:\Users\jkel7\.m2\repository\com\fasterxml\jackson\datatype\jackson-datatype-jdk8\2.9.6\jackson-datatype-jdk8-2.9.6.jar;C:\Users\jkel7\.m2\repository\com\fasterxml\jackson\datatype\jackson-datatype-jsr310\2.9.6\jackson-datatype-jsr310-2.9.6.jar;C:\Users\jkel7\.m2\repository\com\fasterxml\jackson\module\jackson-module-parameter-names\2.9.6\jackson-module-parameter-names-2.9.6.jar;C:\Users\jkel7\.m2\repository\org\springframework\boot\spring-boot-starter-tomcat\2.0.3.RELEASE\spring-boot-starter-tomcat-2.0.3.RELEASE.jar;C:\Users\jkel7\.m2\repository\org\apache\tomcat\embed\tomcat-embed-core\8.5.31\tomcat-embed-core-8.5.31.jar;C:\Users\jkel7\.m2\repository\org\apache\tomcat\embed\tomcat-embed-el\8.5.31\tomcat-embed-el-8.5.31.jar;C:\Users\jkel7\.m2\repository\org\apache\tomcat\embed\tomcat-embed-websocket\8.5.31\tomcat-embed-websocket-8.5.31.jar;C:\Users\jkel7\.m2\repository\org\hibernate\validator\hibernate-validator\6.0.10.Final\hibernate-validator-6.0.10.Final.jar;C:\Users\jkel7\.m2\repository\javax\validation\validation-api\2.0.1.Final\validation-api-2.0.1.Final.jar;C:\Users\jkel7\.m2\repository\org\jboss\logging\jboss-logging\3.3.2.Final\jboss-logging-3.3.2.Final.jar;C:\Users\jkel7\.m2\repository\com\fasterxml\classmate\1.3.4\classmate-1.3.4.jar;C:\Users\jkel7\.m2\repository\org\springframework\spring-webmvc\5.0.7.RELEASE\spring-webmvc-5.0.7.RELEASE.jar;C:\Users\jkel7\.m2\repository\org\springframework\boot\spring-boot-starter-test\2.0.3.RELEASE\spring-boot-starter-test-2.0.3.RELEASE.jar;C:\Users\jkel7\.m2\repository\org\springframework\boot\spring-boot-test\2.0.3.RELEASE\spring-boot-test-2.0.3.RELEASE.jar;C:\Users\jkel7\.m2\repository\org\springframework\boot\spring-boot-test-autoconfigure\2.0.3.RELEASE\spring-boot-test-autoconfigure-2.0.3.RELEASE.jar;C:\Users\jkel7\.m2\repository\com\jayway\jsonpath\json-path\2.4.0\json-path-2.4.0.jar;C:\Users\jkel7\.m2\repository\net\minidev\json-smart\2.3\json-smart-2.3.jar;C:\Users\jkel7\.m2\repository\net\minidev\accessors-smart\1.2\accessors-smart-1.2.jar;C:\Users\jkel7\.m2\repository\org\ow2\asm\asm\5.0.4\asm-5.0.4.jar;C:\Users\jkel7\.m2\repository\org\slf4j\slf4j-api\1.7.25\slf4j-api-1.7.25.jar;C:\Users\jkel7\.m2\repository\junit\junit\4.12\junit-4.12.jar;C:\Users\jkel7\.m2\repository\org\assertj\assertj-core\3.9.1\assertj-core-3.9.1.jar;C:\Users\jkel7\.m2\repository\org\mockito\mockito-core\2.15.0\mockito-core-2.15.0.jar;C:\Users\jkel7\.m2\repository\net\bytebuddy\byte-buddy\1.7.9\byte-buddy-1.7.9.jar;C:\Users\jkel7\.m2\repository\net\bytebuddy\byte-buddy-agent\1.7.9\byte-buddy-agent-1.7.9.jar;C:\Users\jkel7\.m2\repository\org\objenesis\objenesis\2.6\objenesis-2.6.jar;C:\Users\jkel7\.m2\repository\org\hamcrest\hamcrest-core\1.3\hamcrest-core-1.3.jar;C:\Users\jkel7\.m2\repository\org\hamcrest\hamcrest-library\1.3\hamcrest-library-1.3.jar;C:\Users\jkel7\.m2\repository\org\skyscreamer\jsonassert\1.5.0\jsonassert-1.5.0.jar;C:\Users\jkel7\.m2\repository\com\vaadin\external\google\android-json\0.0.20131108.vaadin1\android-json-0.0.20131108.vaadin1.jar;C:\Users\jkel7\.m2\repository\org\springframework\spring-test\5.0.7.RELEASE\spring-test-5.0.7.RELEASE.jar;C:\Users\jkel7\.m2\repository\org\xmlunit\xmlunit-core\2.5.1\xmlunit-core-2.5.1.jar;C:\Users\jkel7\.m2\repository\org\springframework\boot\spring-boot-starter-security\2.0.4.RELEASE\spring-boot-starter-security-2.0.4.RELEASE.jar;C:\Users\jkel7\.m2\repository\org\springframework\spring-aop\5.0.8.RELEASE\spring-aop-5.0.8.RELEASE.jar;C:\Users\jkel7\.m2\repository\org\springframework\security\spring-security-config\5.0.7.RELEASE\spring-security-config-5.0.7.RELEASE.jar;C:\Users\jkel7\.m2\repository\org\springframework\security\spring-security-core\5.0.7.RELEASE\spring-security-core-5.0.7.RELEASE.jar;C:\Users\jkel7\.m2\repository\org\springframework\security\spring-security-web\5.0.7.RELEASE\spring-security-web-5.0.7.RELEASE.jar;C:\Users\jkel7\.m2\repository\org\springframework\boot\spring-boot\2.0.4.RELEASE\spring-boot-2.0.4.RELEASE.jar;C:\Users\jkel7\.m2\repository\org\springframework\spring-context\5.0.7.RELEASE\spring-context-5.0.7.RELEASE.jar;C:\Users\jkel7\.m2\repository\org\springframework\spring-beans\5.0.7.RELEASE\spring-beans-5.0.7.RELEASE.jar;C:\Users\jkel7\.m2\repository\org\springframework\spring-expression\5.0.7.RELEASE\spring-expression-5.0.7.RELEASE.jar;C:\Users\jkel7\.m2\repository\org\springframework\spring-core\5.0.7.RELEASE\spring-core-5.0.7.RELEASE.jar;C:\Users\jkel7\.m2\repository\org\springframework\spring-jcl\5.0.7.RELEASE\spring-jcl-5.0.7.RELEASE.jar;C:\Users\jkel7\.m2\repository\org\springframework\boot\spring-boot-autoconfigure\2.0.3.RELEASE\spring-boot-autoconfigure-2.0.3.RELEASE.jar;C:\Users\jkel7\.m2\repository\org\springframework\spring-web\5.0.7.RELEASE\spring-web-5.0.7.RELEASE.jar;C:\Users\jkel7\.m2\repository\io\jsonwebtoken\jjwt\0.9.1\jjwt-0.9.1.jar;C:\Users\jkel7\.m2\repository\com\fasterxml\jackson\core\jackson-databind\2.9.6\jackson-databind-2.9.6.jar;C:\Users\jkel7\.m2\repository\com\fasterxml\jackson\core\jackson-annotations\2.9.0\jackson-annotations-2.9.0.jar;C:\Users\jkel7\.m2\repository\com\fasterxml\jackson\core\jackson-core\2.9.6\jackson-core-2.9.6.jar;C:\Users\jkel7\.m2\repository\org\junit\jupiter\junit-jupiter-api\5.1.0\junit-jupiter-api-5.1.0.jar;C:\Users\jkel7\.m2\repository\org\apiguardian\apiguardian-api\1.0.0\apiguardian-api-1.0.0.jar;C:\Users\jkel7\.m2\repository\org\opentest4j\opentest4j\1.0.0\opentest4j-1.0.0.jar;C:\Users\jkel7\.m2\repository\org\junit\platform\junit-platform-commons\1.1.0\junit-platform-commons-1.1.0.jar;C:\Users\jkel7\.m2\repository\org\mongodb\mongodb-driver-sync\3.9.1\mongodb-driver-sync-3.9.1.jar;C:\Users\jkel7\.m2\repository\org\mongodb\bson\3.9.1\bson-3.9.1.jar;C:\Users\jkel7\.m2\repository\org\mongodb\mongodb-driver-core\3.9.1\mongodb-driver-core-3.9.1.jar;"/>
    <property name="sun.cpu.endian" value="little"/>
    <property name="user.home" value="C:\Users\jkel7"/>
    <property name="user.language" value="en"/>
    <property name="java.specification.vendor" value="Oracle Corporation"/>
    <property name="java.home" value="C:\Program Files\Java\jdk1.8.0_221\jre"/>
    <property name="basedir" value="C:\Users\jkel7\Documents\workspace-spring\mflix"/>
    <property name="file.separator" value="\"/>
    <property name="line.separator" value="&#10;"/>
    <property name="java.vm.specification.vendor" value="Oracle Corporation"/>
    <property name="java.specification.name" value="Java Platform API Specification"/>
    <property name="java.awt.graphicsenv" value="sun.awt.Win32GraphicsEnvironment"/>
    <property name="surefire.real.class.path" value="C:\Users\jkel7\AppData\Local\Temp\surefire7789242810908442678\surefirebooter2871576699829496207.jar"/>
    <property name="sun.boot.class.path" value="C:\Program Files\Java\jdk1.8.0_221\jre\lib\resources.jar;C:\Program Files\Java\jdk1.8.0_221\jre\lib\rt.jar;C:\Program Files\Java\jdk1.8.0_221\jre\lib\sunrsasign.jar;C:\Program Files\Java\jdk1.8.0_221\jre\lib\jsse.jar;C:\Program Files\Java\jdk1.8.0_221\jre\lib\jce.jar;C:\Program Files\Java\jdk1.8.0_221\jre\lib\charsets.jar;C:\Program Files\Java\jdk1.8.0_221\jre\lib\jfr.jar;C:\Program Files\Java\jdk1.8.0_221\jre\classes"/>
    <property name="user.script" value=""/>
    <property name="sun.management.compiler" value="HotSpot 64-Bit Tiered Compilers"/>
    <property name="java.runtime.version" value="1.8.0_221-b11"/>
    <property name="user.name" value="jkel7"/>
    <property name="path.separator" value=";"/>
    <property name="os.version" value="10.0"/>
    <property name="java.endorsed.dirs" value="C:\Program Files\Java\jdk1.8.0_221\jre\lib\endorsed"/>
    <property name="java.runtime.name" value="Java(TM) SE Runtime Environment"/>
    <property name="file.encoding" value="Cp1252"/>
    <property name="java.vm.name" value="Java HotSpot(TM) 64-Bit Server VM"/>
    <property name="localRepository" value="C:\Users\jkel7\.m2\repository"/>
    <property name="java.vendor.url.bug" value="http://bugreport.sun.com/bugreport/"/>
    <property name="java.io.tmpdir" value="C:\Users\jkel7\AppData\Local\Temp\"/>
    <property name="java.version" value="1.8.0_221"/>
    <property name="user.dir" value="C:\Users\jkel7\Documents\workspace-spring\mflix"/>
    <property name="os.arch" value="amd64"/>
    <property name="java.vm.specification.name" value="Java Virtual Machine Specification"/>
    <property name="java.awt.printerjob" value="sun.awt.windows.WPrinterJob"/>
    <property name="sun.os.patch.level" value=""/>
    <property name="java.library.path" value="C:\Program Files\Java\jdk1.8.0_221\jre\bin;C:\Windows\Sun\Java\bin;C:\Windows\system32;C:\Windows;C:\Program Files (x86)\Common Files\Oracle\Java\javapath;C:\Windows\system32;C:\Windows;C:\Windows\System32\Wbem;C:\Windows\System32\WindowsPowerShell\v1.0\;C:\Windows\System32\OpenSSH\;C:\Users\jkel7\AppData\Local\Microsoft\WindowsApps;C:\Program Files\apache-maven-3.6.2\bin;."/>
    <property name="java.vm.info" value="mixed mode"/>
    <property name="java.vendor" value="Oracle Corporation"/>
    <property name="java.vm.version" value="25.221-b11"/>
    <property name="java.ext.dirs" value="C:\Program Files\Java\jdk1.8.0_221\jre\lib\ext;C:\Windows\Sun\Java\lib\ext"/>
    <property name="sun.io.unicode.encoding" value="UnicodeLittle"/>
    <property name="java.class.version" value="52.0"/>
  </properties>
  <testcase name="testAllDocumentsIMDBRatingNumber" classname="mflix.api.daos.MigrationTest" time="5.014">
    <failure message="Should not find documents where `imdb.rating` is of not of `number` type expected:&lt;0&gt; but was:&lt;61&gt;" type="java.lang.AssertionError"><![CDATA[java.lang.AssertionError: Should not find documents where `imdb.rating` is of not of `number` type expected:<0> but was:<61>
	at mflix.api.daos.MigrationTest.testAllDocumentsIMDBRatingNumber(MigrationTest.java:42)
]]></failure>
    <system-out><![CDATA[08:51:47.444 [main] INFO org.mongodb.driver.cluster - Cluster created with settings {hosts=[mflix-shard-00-02-qgaw0.mongodb.net:27017, mflix-shard-00-00-qgaw0.mongodb.net:27017, mflix-shard-00-01-qgaw0.mongodb.net:27017], mode=MULTIPLE, requiredClusterType=REPLICA_SET, serverSelectionTimeout='30000 ms', maxWaitQueueSize=500, requiredReplicaSetName='mflix-shard-0'}
08:51:47.447 [main] INFO org.mongodb.driver.cluster - Adding discovered server mflix-shard-00-02-qgaw0.mongodb.net:27017 to client view of cluster
08:51:47.471 [main] INFO org.mongodb.driver.cluster - Adding discovered server mflix-shard-00-00-qgaw0.mongodb.net:27017 to client view of cluster
08:51:47.472 [main] INFO org.mongodb.driver.cluster - Adding discovered server mflix-shard-00-01-qgaw0.mongodb.net:27017 to client view of cluster
08:51:47.474 [main] DEBUG org.mongodb.driver.cluster - Updating cluster description to  {type=REPLICA_SET, servers=[{address=mflix-shard-00-01-qgaw0.mongodb.net:27017, type=UNKNOWN, state=CONNECTING}, {address=mflix-shard-00-00-qgaw0.mongodb.net:27017, type=UNKNOWN, state=CONNECTING}, {address=mflix-shard-00-02-qgaw0.mongodb.net:27017, type=UNKNOWN, state=CONNECTING}]
08:51:47.510 [main] INFO org.mongodb.driver.cluster - No server chosen by com.mongodb.client.internal.MongoClientDelegate$1@7fad8c79 from cluster description ClusterDescription{type=REPLICA_SET, connectionMode=MULTIPLE, serverDescriptions=[ServerDescription{address=mflix-shard-00-01-qgaw0.mongodb.net:27017, type=UNKNOWN, state=CONNECTING}, ServerDescription{address=mflix-shard-00-00-qgaw0.mongodb.net:27017, type=UNKNOWN, state=CONNECTING}, ServerDescription{address=mflix-shard-00-02-qgaw0.mongodb.net:27017, type=UNKNOWN, state=CONNECTING}]}. Waiting for 30000 ms before timing out
08:51:49.885 [cluster-ClusterId{value='5d933dd3d460a41b00e2ecc6', description='null'}-mflix-shard-00-01-qgaw0.mongodb.net:27017] INFO org.mongodb.driver.connection - Opened connection [connectionId{localValue:2, serverValue:523258}] to mflix-shard-00-01-qgaw0.mongodb.net:27017
08:51:49.885 [cluster-ClusterId{value='5d933dd3d460a41b00e2ecc6', description='null'}-mflix-shard-00-00-qgaw0.mongodb.net:27017] INFO org.mongodb.driver.connection - Opened connection [connectionId{localValue:3, serverValue:584816}] to mflix-shard-00-00-qgaw0.mongodb.net:27017
08:51:49.885 [cluster-ClusterId{value='5d933dd3d460a41b00e2ecc6', description='null'}-mflix-shard-00-01-qgaw0.mongodb.net:27017] DEBUG org.mongodb.driver.cluster - Checking status of mflix-shard-00-01-qgaw0.mongodb.net:27017
08:51:49.885 [cluster-ClusterId{value='5d933dd3d460a41b00e2ecc6', description='null'}-mflix-shard-00-00-qgaw0.mongodb.net:27017] DEBUG org.mongodb.driver.cluster - Checking status of mflix-shard-00-00-qgaw0.mongodb.net:27017
08:51:49.886 [cluster-ClusterId{value='5d933dd3d460a41b00e2ecc6', description='null'}-mflix-shard-00-02-qgaw0.mongodb.net:27017] INFO org.mongodb.driver.connection - Opened connection [connectionId{localValue:1, serverValue:525679}] to mflix-shard-00-02-qgaw0.mongodb.net:27017
08:51:49.886 [cluster-ClusterId{value='5d933dd3d460a41b00e2ecc6', description='null'}-mflix-shard-00-02-qgaw0.mongodb.net:27017] DEBUG org.mongodb.driver.cluster - Checking status of mflix-shard-00-02-qgaw0.mongodb.net:27017
08:51:49.913 [cluster-ClusterId{value='5d933dd3d460a41b00e2ecc6', description='null'}-mflix-shard-00-00-qgaw0.mongodb.net:27017] DEBUG org.mongodb.driver.protocol.command - Sending command '{ "ismaster" : 1, "$db" : "admin" }' with request id 11 to database admin on connection [connectionId{localValue:3, serverValue:584816}] to server mflix-shard-00-00-qgaw0.mongodb.net:27017
08:51:49.913 [cluster-ClusterId{value='5d933dd3d460a41b00e2ecc6', description='null'}-mflix-shard-00-02-qgaw0.mongodb.net:27017] DEBUG org.mongodb.driver.protocol.command - Sending command '{ "ismaster" : 1, "$db" : "admin" }' with request id 12 to database admin on connection [connectionId{localValue:1, serverValue:525679}] to server mflix-shard-00-02-qgaw0.mongodb.net:27017
08:51:49.913 [cluster-ClusterId{value='5d933dd3d460a41b00e2ecc6', description='null'}-mflix-shard-00-01-qgaw0.mongodb.net:27017] DEBUG org.mongodb.driver.protocol.command - Sending command '{ "ismaster" : 1, "$db" : "admin" }' with request id 10 to database admin on connection [connectionId{localValue:2, serverValue:523258}] to server mflix-shard-00-01-qgaw0.mongodb.net:27017
08:51:50.073 [cluster-ClusterId{value='5d933dd3d460a41b00e2ecc6', description='null'}-mflix-shard-00-00-qgaw0.mongodb.net:27017] DEBUG org.mongodb.driver.protocol.command - Execution of command with request id 11 completed successfully in 179.28 ms on connection [connectionId{localValue:3, serverValue:584816}] to server mflix-shard-00-00-qgaw0.mongodb.net:27017
08:51:50.076 [cluster-ClusterId{value='5d933dd3d460a41b00e2ecc6', description='null'}-mflix-shard-00-01-qgaw0.mongodb.net:27017] DEBUG org.mongodb.driver.protocol.command - Execution of command with request id 10 completed successfully in 183.98 ms on connection [connectionId{localValue:2, serverValue:523258}] to server mflix-shard-00-01-qgaw0.mongodb.net:27017
08:51:50.076 [cluster-ClusterId{value='5d933dd3d460a41b00e2ecc6', description='null'}-mflix-shard-00-02-qgaw0.mongodb.net:27017] DEBUG org.mongodb.driver.protocol.command - Execution of command with request id 12 completed successfully in 184.07 ms on connection [connectionId{localValue:1, serverValue:525679}] to server mflix-shard-00-02-qgaw0.mongodb.net:27017
08:51:50.086 [cluster-ClusterId{value='5d933dd3d460a41b00e2ecc6', description='null'}-mflix-shard-00-01-qgaw0.mongodb.net:27017] INFO org.mongodb.driver.cluster - Monitor thread successfully connected to server with description ServerDescription{address=mflix-shard-00-01-qgaw0.mongodb.net:27017, type=REPLICA_SET_SECONDARY, state=CONNECTED, ok=true, version=ServerVersion{versionList=[4, 0, 12]}, minWireVersion=0, maxWireVersion=7, maxDocumentSize=16777216, logicalSessionTimeoutMinutes=30, roundTripTimeNanos=191030800, setName='mflix-shard-0', canonicalAddress=mflix-shard-00-01-qgaw0.mongodb.net:27017, hosts=[mflix-shard-00-02-qgaw0.mongodb.net:27017, mflix-shard-00-00-qgaw0.mongodb.net:27017, mflix-shard-00-01-qgaw0.mongodb.net:27017], passives=[], arbiters=[], primary='mflix-shard-00-00-qgaw0.mongodb.net:27017', tagSet=TagSet{[Tag{name='region', value='US_EAST_1'}, Tag{name='provider', value='AWS'}, Tag{name='nodeType', value='ELECTABLE'}]}, electionId=null, setVersion=1, lastWriteDate=Tue Oct 01 08:51:36 UYT 2019, lastUpdateTimeNanos=558296516705899}
08:51:50.086 [cluster-ClusterId{value='5d933dd3d460a41b00e2ecc6', description='null'}-mflix-shard-00-00-qgaw0.mongodb.net:27017] INFO org.mongodb.driver.cluster - Monitor thread successfully connected to server with description ServerDescription{address=mflix-shard-00-00-qgaw0.mongodb.net:27017, type=REPLICA_SET_PRIMARY, state=CONNECTED, ok=true, version=ServerVersion{versionList=[4, 0, 12]}, minWireVersion=0, maxWireVersion=7, maxDocumentSize=16777216, logicalSessionTimeoutMinutes=30, roundTripTimeNanos=187911001, setName='mflix-shard-0', canonicalAddress=mflix-shard-00-00-qgaw0.mongodb.net:27017, hosts=[mflix-shard-00-02-qgaw0.mongodb.net:27017, mflix-shard-00-00-qgaw0.mongodb.net:27017, mflix-shard-00-01-qgaw0.mongodb.net:27017], passives=[], arbiters=[], primary='mflix-shard-00-00-qgaw0.mongodb.net:27017', tagSet=TagSet{[Tag{name='region', value='US_EAST_1'}, Tag{name='provider', value='AWS'}, Tag{name='nodeType', value='ELECTABLE'}]}, electionId=7fffffff0000000000000007, setVersion=1, lastWriteDate=Tue Oct 01 08:51:36 UYT 2019, lastUpdateTimeNanos=558296514780200}
08:51:50.086 [cluster-ClusterId{value='5d933dd3d460a41b00e2ecc6', description='null'}-mflix-shard-00-02-qgaw0.mongodb.net:27017] INFO org.mongodb.driver.cluster - Monitor thread successfully connected to server with description ServerDescription{address=mflix-shard-00-02-qgaw0.mongodb.net:27017, type=REPLICA_SET_SECONDARY, state=CONNECTED, ok=true, version=ServerVersion{versionList=[4, 0, 12]}, minWireVersion=0, maxWireVersion=7, maxDocumentSize=16777216, logicalSessionTimeoutMinutes=30, roundTripTimeNanos=190712500, setName='mflix-shard-0', canonicalAddress=mflix-shard-00-02-qgaw0.mongodb.net:27017, hosts=[mflix-shard-00-02-qgaw0.mongodb.net:27017, mflix-shard-00-00-qgaw0.mongodb.net:27017, mflix-shard-00-01-qgaw0.mongodb.net:27017], passives=[], arbiters=[], primary='mflix-shard-00-00-qgaw0.mongodb.net:27017', tagSet=TagSet{[Tag{name='region', value='US_EAST_1'}, Tag{name='provider', value='AWS'}, Tag{name='nodeType', value='ELECTABLE'}]}, electionId=null, setVersion=1, lastWriteDate=Tue Oct 01 08:51:36 UYT 2019, lastUpdateTimeNanos=558296516611899}
08:51:50.089 [cluster-ClusterId{value='5d933dd3d460a41b00e2ecc6', description='null'}-mflix-shard-00-01-qgaw0.mongodb.net:27017] DEBUG org.mongodb.driver.cluster - Updating cluster description to  {type=REPLICA_SET, servers=[{address=mflix-shard-00-01-qgaw0.mongodb.net:27017, type=REPLICA_SET_SECONDARY, TagSet{[Tag{name='region', value='US_EAST_1'}, Tag{name='provider', value='AWS'}, Tag{name='nodeType', value='ELECTABLE'}]}, roundTripTime=191.0 ms, state=CONNECTED}, {address=mflix-shard-00-00-qgaw0.mongodb.net:27017, type=UNKNOWN, state=CONNECTING}, {address=mflix-shard-00-02-qgaw0.mongodb.net:27017, type=UNKNOWN, state=CONNECTING}]
08:51:50.090 [cluster-ClusterId{value='5d933dd3d460a41b00e2ecc6', description='null'}-mflix-shard-00-02-qgaw0.mongodb.net:27017] DEBUG org.mongodb.driver.cluster - Updating cluster description to  {type=REPLICA_SET, servers=[{address=mflix-shard-00-01-qgaw0.mongodb.net:27017, type=REPLICA_SET_SECONDARY, TagSet{[Tag{name='region', value='US_EAST_1'}, Tag{name='provider', value='AWS'}, Tag{name='nodeType', value='ELECTABLE'}]}, roundTripTime=191.0 ms, state=CONNECTED}, {address=mflix-shard-00-00-qgaw0.mongodb.net:27017, type=UNKNOWN, state=CONNECTING}, {address=mflix-shard-00-02-qgaw0.mongodb.net:27017, type=REPLICA_SET_SECONDARY, TagSet{[Tag{name='region', value='US_EAST_1'}, Tag{name='provider', value='AWS'}, Tag{name='nodeType', value='ELECTABLE'}]}, roundTripTime=190.7 ms, state=CONNECTED}]
08:51:50.091 [cluster-ClusterId{value='5d933dd3d460a41b00e2ecc6', description='null'}-mflix-shard-00-00-qgaw0.mongodb.net:27017] INFO org.mongodb.driver.cluster - Setting max election id to 7fffffff0000000000000007 from replica set primary mflix-shard-00-00-qgaw0.mongodb.net:27017
08:51:50.091 [cluster-ClusterId{value='5d933dd3d460a41b00e2ecc6', description='null'}-mflix-shard-00-00-qgaw0.mongodb.net:27017] INFO org.mongodb.driver.cluster - Setting max set version to 1 from replica set primary mflix-shard-00-00-qgaw0.mongodb.net:27017
08:51:50.091 [cluster-ClusterId{value='5d933dd3d460a41b00e2ecc6', description='null'}-mflix-shard-00-00-qgaw0.mongodb.net:27017] INFO org.mongodb.driver.cluster - Discovered replica set primary mflix-shard-00-00-qgaw0.mongodb.net:27017
08:51:50.092 [cluster-ClusterId{value='5d933dd3d460a41b00e2ecc6', description='null'}-mflix-shard-00-00-qgaw0.mongodb.net:27017] DEBUG org.mongodb.driver.cluster - Updating cluster description to  {type=REPLICA_SET, servers=[{address=mflix-shard-00-01-qgaw0.mongodb.net:27017, type=REPLICA_SET_SECONDARY, TagSet{[Tag{name='region', value='US_EAST_1'}, Tag{name='provider', value='AWS'}, Tag{name='nodeType', value='ELECTABLE'}]}, roundTripTime=191.0 ms, state=CONNECTED}, {address=mflix-shard-00-00-qgaw0.mongodb.net:27017, type=REPLICA_SET_PRIMARY, TagSet{[Tag{name='region', value='US_EAST_1'}, Tag{name='provider', value='AWS'}, Tag{name='nodeType', value='ELECTABLE'}]}, roundTripTime=187.9 ms, state=CONNECTED}, {address=mflix-shard-00-02-qgaw0.mongodb.net:27017, type=REPLICA_SET_SECONDARY, TagSet{[Tag{name='region', value='US_EAST_1'}, Tag{name='provider', value='AWS'}, Tag{name='nodeType', value='ELECTABLE'}]}, roundTripTime=190.7 ms, state=CONNECTED}]
08:51:51.596 [main] INFO org.mongodb.driver.connection - Opened connection [connectionId{localValue:4, serverValue:584816}] to mflix-shard-00-00-qgaw0.mongodb.net:27017
08:51:51.621 [main] DEBUG org.mongodb.driver.protocol.command - Sending command '{ "aggregate" : "movies", "pipeline" : [{ "$match" : { "imdb.rating" : { "$not" : { "$type" : "number" } } } }, { "$group" : { "_id" : null, "n" : { "$sum" : 1 } } }], "cursor" : { }, "$db" : "sample_mflix", "$clusterTime" : { "clusterTime" : { "$timestamp" : { "t" : 1569930696, "i" : 13 } }, "signature" : { "hash" : { "$binary" : { "base64" : "C5LeE7Y6RGd2/P7jFupwCoFe00A=", "subType" : "00" } }, "keyId" : 6688656478204592130 } }, "lsid" : { "id" : { "$binary" : { "base64" : "7EybcnDCRemI65gYZXMKWw==", "subType" : "04" } } } }' with request id 19 to database sample_mflix on connection [connectionId{localValue:4, serverValue:584816}] to server mflix-shard-00-00-qgaw0.mongodb.net:27017
08:51:51.799 [main] DEBUG org.mongodb.driver.protocol.command - Execution of command with request id 19 completed successfully in 179.84 ms on connection [connectionId{localValue:4, serverValue:584816}] to server mflix-shard-00-00-qgaw0.mongodb.net:27017
]]></system-out>
  </testcase>
  <testcase name="testAllDocumentsUpdateDateIsDateType" classname="mflix.api.daos.MigrationTest" time="2.939">
    <failure message="Should not find documents where `lastupdated` is of `string` type expected:&lt;0&gt; but was:&lt;23539&gt;" type="java.lang.AssertionError"><![CDATA[java.lang.AssertionError: Should not find documents where `lastupdated` is of `string` type expected:<0> but was:<23539>
	at mflix.api.daos.MigrationTest.testAllDocumentsUpdateDateIsDateType(MigrationTest.java:31)
]]></failure>
    <system-out><![CDATA[08:51:51.889 [main] INFO org.mongodb.driver.cluster - Cluster created with settings {hosts=[mflix-shard-00-01-qgaw0.mongodb.net:27017, mflix-shard-00-02-qgaw0.mongodb.net:27017, mflix-shard-00-00-qgaw0.mongodb.net:27017], mode=MULTIPLE, requiredClusterType=REPLICA_SET, serverSelectionTimeout='30000 ms', maxWaitQueueSize=500, requiredReplicaSetName='mflix-shard-0'}
08:51:51.890 [main] INFO org.mongodb.driver.cluster - Adding discovered server mflix-shard-00-01-qgaw0.mongodb.net:27017 to client view of cluster
08:51:51.892 [main] INFO org.mongodb.driver.cluster - Adding discovered server mflix-shard-00-02-qgaw0.mongodb.net:27017 to client view of cluster
08:51:51.895 [main] INFO org.mongodb.driver.cluster - Adding discovered server mflix-shard-00-00-qgaw0.mongodb.net:27017 to client view of cluster
08:51:51.898 [main] DEBUG org.mongodb.driver.cluster - Updating cluster description to  {type=REPLICA_SET, servers=[{address=mflix-shard-00-01-qgaw0.mongodb.net:27017, type=UNKNOWN, state=CONNECTING}, {address=mflix-shard-00-00-qgaw0.mongodb.net:27017, type=UNKNOWN, state=CONNECTING}, {address=mflix-shard-00-02-qgaw0.mongodb.net:27017, type=UNKNOWN, state=CONNECTING}]
08:51:51.899 [main] INFO org.mongodb.driver.cluster - No server chosen by com.mongodb.client.internal.MongoClientDelegate$1@35083305 from cluster description ClusterDescription{type=REPLICA_SET, connectionMode=MULTIPLE, serverDescriptions=[ServerDescription{address=mflix-shard-00-01-qgaw0.mongodb.net:27017, type=UNKNOWN, state=CONNECTING}, ServerDescription{address=mflix-shard-00-00-qgaw0.mongodb.net:27017, type=UNKNOWN, state=CONNECTING}, ServerDescription{address=mflix-shard-00-02-qgaw0.mongodb.net:27017, type=UNKNOWN, state=CONNECTING}]}. Waiting for 30000 ms before timing out
08:51:52.891 [cluster-ClusterId{value='5d933dd7d460a41b00e2ecc7', description='null'}-mflix-shard-00-02-qgaw0.mongodb.net:27017] INFO org.mongodb.driver.connection - Opened connection [connectionId{localValue:6, serverValue:525679}] to mflix-shard-00-02-qgaw0.mongodb.net:27017
08:51:52.892 [cluster-ClusterId{value='5d933dd7d460a41b00e2ecc7', description='null'}-mflix-shard-00-02-qgaw0.mongodb.net:27017] DEBUG org.mongodb.driver.cluster - Checking status of mflix-shard-00-02-qgaw0.mongodb.net:27017
08:51:52.894 [cluster-ClusterId{value='5d933dd7d460a41b00e2ecc7', description='null'}-mflix-shard-00-02-qgaw0.mongodb.net:27017] DEBUG org.mongodb.driver.protocol.command - Sending command '{ "ismaster" : 1, "$db" : "admin" }' with request id 29 to database admin on connection [connectionId{localValue:6, serverValue:525679}] to server mflix-shard-00-02-qgaw0.mongodb.net:27017
08:51:52.896 [cluster-ClusterId{value='5d933dd7d460a41b00e2ecc7', description='null'}-mflix-shard-00-00-qgaw0.mongodb.net:27017] INFO org.mongodb.driver.connection - Opened connection [connectionId{localValue:7, serverValue:584816}] to mflix-shard-00-00-qgaw0.mongodb.net:27017
08:51:52.896 [cluster-ClusterId{value='5d933dd7d460a41b00e2ecc7', description='null'}-mflix-shard-00-00-qgaw0.mongodb.net:27017] DEBUG org.mongodb.driver.cluster - Checking status of mflix-shard-00-00-qgaw0.mongodb.net:27017
08:51:52.896 [cluster-ClusterId{value='5d933dd7d460a41b00e2ecc7', description='null'}-mflix-shard-00-01-qgaw0.mongodb.net:27017] INFO org.mongodb.driver.connection - Opened connection [connectionId{localValue:5, serverValue:523258}] to mflix-shard-00-01-qgaw0.mongodb.net:27017
08:51:52.897 [cluster-ClusterId{value='5d933dd7d460a41b00e2ecc7', description='null'}-mflix-shard-00-01-qgaw0.mongodb.net:27017] DEBUG org.mongodb.driver.cluster - Checking status of mflix-shard-00-01-qgaw0.mongodb.net:27017
08:51:52.898 [cluster-ClusterId{value='5d933dd7d460a41b00e2ecc7', description='null'}-mflix-shard-00-00-qgaw0.mongodb.net:27017] DEBUG org.mongodb.driver.protocol.command - Sending command '{ "ismaster" : 1, "$db" : "admin" }' with request id 30 to database admin on connection [connectionId{localValue:7, serverValue:584816}] to server mflix-shard-00-00-qgaw0.mongodb.net:27017
08:51:52.899 [cluster-ClusterId{value='5d933dd7d460a41b00e2ecc7', description='null'}-mflix-shard-00-01-qgaw0.mongodb.net:27017] DEBUG org.mongodb.driver.protocol.command - Sending command '{ "ismaster" : 1, "$db" : "admin" }' with request id 31 to database admin on connection [connectionId{localValue:5, serverValue:523258}] to server mflix-shard-00-01-qgaw0.mongodb.net:27017
08:51:53.051 [cluster-ClusterId{value='5d933dd7d460a41b00e2ecc7', description='null'}-mflix-shard-00-02-qgaw0.mongodb.net:27017] DEBUG org.mongodb.driver.protocol.command - Execution of command with request id 29 completed successfully in 158.27 ms on connection [connectionId{localValue:6, serverValue:525679}] to server mflix-shard-00-02-qgaw0.mongodb.net:27017
08:51:53.052 [cluster-ClusterId{value='5d933dd7d460a41b00e2ecc7', description='null'}-mflix-shard-00-02-qgaw0.mongodb.net:27017] INFO org.mongodb.driver.cluster - Monitor thread successfully connected to server with description ServerDescription{address=mflix-shard-00-02-qgaw0.mongodb.net:27017, type=REPLICA_SET_SECONDARY, state=CONNECTED, ok=true, version=ServerVersion{versionList=[4, 0, 12]}, minWireVersion=0, maxWireVersion=7, maxDocumentSize=16777216, logicalSessionTimeoutMinutes=30, roundTripTimeNanos=159752800, setName='mflix-shard-0', canonicalAddress=mflix-shard-00-02-qgaw0.mongodb.net:27017, hosts=[mflix-shard-00-02-qgaw0.mongodb.net:27017, mflix-shard-00-00-qgaw0.mongodb.net:27017, mflix-shard-00-01-qgaw0.mongodb.net:27017], passives=[], arbiters=[], primary='mflix-shard-00-00-qgaw0.mongodb.net:27017', tagSet=TagSet{[Tag{name='region', value='US_EAST_1'}, Tag{name='provider', value='AWS'}, Tag{name='nodeType', value='ELECTABLE'}]}, electionId=null, setVersion=1, lastWriteDate=Tue Oct 01 08:51:36 UYT 2019, lastUpdateTimeNanos=558299491313300}
08:51:53.054 [cluster-ClusterId{value='5d933dd7d460a41b00e2ecc7', description='null'}-mflix-shard-00-02-qgaw0.mongodb.net:27017] DEBUG org.mongodb.driver.cluster - Updating cluster description to  {type=REPLICA_SET, servers=[{address=mflix-shard-00-01-qgaw0.mongodb.net:27017, type=UNKNOWN, state=CONNECTING}, {address=mflix-shard-00-00-qgaw0.mongodb.net:27017, type=UNKNOWN, state=CONNECTING}, {address=mflix-shard-00-02-qgaw0.mongodb.net:27017, type=REPLICA_SET_SECONDARY, TagSet{[Tag{name='region', value='US_EAST_1'}, Tag{name='provider', value='AWS'}, Tag{name='nodeType', value='ELECTABLE'}]}, roundTripTime=159.8 ms, state=CONNECTED}]
08:51:53.055 [main] INFO org.mongodb.driver.cluster - No server chosen by ReadPreferenceServerSelector{readPreference=primary} from cluster description ClusterDescription{type=REPLICA_SET, connectionMode=MULTIPLE, serverDescriptions=[ServerDescription{address=mflix-shard-00-01-qgaw0.mongodb.net:27017, type=UNKNOWN, state=CONNECTING}, ServerDescription{address=mflix-shard-00-00-qgaw0.mongodb.net:27017, type=UNKNOWN, state=CONNECTING}, ServerDescription{address=mflix-shard-00-02-qgaw0.mongodb.net:27017, type=REPLICA_SET_SECONDARY, state=CONNECTED, ok=true, version=ServerVersion{versionList=[4, 0, 12]}, minWireVersion=0, maxWireVersion=7, maxDocumentSize=16777216, logicalSessionTimeoutMinutes=30, roundTripTimeNanos=159752800, setName='mflix-shard-0', canonicalAddress=mflix-shard-00-02-qgaw0.mongodb.net:27017, hosts=[mflix-shard-00-02-qgaw0.mongodb.net:27017, mflix-shard-00-00-qgaw0.mongodb.net:27017, mflix-shard-00-01-qgaw0.mongodb.net:27017], passives=[], arbiters=[], primary='mflix-shard-00-00-qgaw0.mongodb.net:27017', tagSet=TagSet{[Tag{name='region', value='US_EAST_1'}, Tag{name='provider', value='AWS'}, Tag{name='nodeType', value='ELECTABLE'}]}, electionId=null, setVersion=1, lastWriteDate=Tue Oct 01 08:51:36 UYT 2019, lastUpdateTimeNanos=558299491313300}]}. Waiting for 30000 ms before timing out
08:51:53.056 [cluster-ClusterId{value='5d933dd7d460a41b00e2ecc7', description='null'}-mflix-shard-00-00-qgaw0.mongodb.net:27017] DEBUG org.mongodb.driver.protocol.command - Execution of command with request id 30 completed successfully in 158.40 ms on connection [connectionId{localValue:7, serverValue:584816}] to server mflix-shard-00-00-qgaw0.mongodb.net:27017
08:51:53.056 [cluster-ClusterId{value='5d933dd7d460a41b00e2ecc7', description='null'}-mflix-shard-00-01-qgaw0.mongodb.net:27017] DEBUG org.mongodb.driver.protocol.command - Execution of command with request id 31 completed successfully in 157.80 ms on connection [connectionId{localValue:5, serverValue:523258}] to server mflix-shard-00-01-qgaw0.mongodb.net:27017
08:51:53.057 [cluster-ClusterId{value='5d933dd7d460a41b00e2ecc7', description='null'}-mflix-shard-00-00-qgaw0.mongodb.net:27017] INFO org.mongodb.driver.cluster - Monitor thread successfully connected to server with description ServerDescription{address=mflix-shard-00-00-qgaw0.mongodb.net:27017, type=REPLICA_SET_PRIMARY, state=CONNECTED, ok=true, version=ServerVersion{versionList=[4, 0, 12]}, minWireVersion=0, maxWireVersion=7, maxDocumentSize=16777216, logicalSessionTimeoutMinutes=30, roundTripTimeNanos=160315900, setName='mflix-shard-0', canonicalAddress=mflix-shard-00-00-qgaw0.mongodb.net:27017, hosts=[mflix-shard-00-02-qgaw0.mongodb.net:27017, mflix-shard-00-00-qgaw0.mongodb.net:27017, mflix-shard-00-01-qgaw0.mongodb.net:27017], passives=[], arbiters=[], primary='mflix-shard-00-00-qgaw0.mongodb.net:27017', tagSet=TagSet{[Tag{name='region', value='US_EAST_1'}, Tag{name='provider', value='AWS'}, Tag{name='nodeType', value='ELECTABLE'}]}, electionId=7fffffff0000000000000007, setVersion=1, lastWriteDate=Tue Oct 01 08:51:36 UYT 2019, lastUpdateTimeNanos=558299496242400}
08:51:53.057 [cluster-ClusterId{value='5d933dd7d460a41b00e2ecc7', description='null'}-mflix-shard-00-01-qgaw0.mongodb.net:27017] INFO org.mongodb.driver.cluster - Monitor thread successfully connected to server with description ServerDescription{address=mflix-shard-00-01-qgaw0.mongodb.net:27017, type=REPLICA_SET_SECONDARY, state=CONNECTED, ok=true, version=ServerVersion{versionList=[4, 0, 12]}, minWireVersion=0, maxWireVersion=7, maxDocumentSize=16777216, logicalSessionTimeoutMinutes=30, roundTripTimeNanos=159194500, setName='mflix-shard-0', canonicalAddress=mflix-shard-00-01-qgaw0.mongodb.net:27017, hosts=[mflix-shard-00-02-qgaw0.mongodb.net:27017, mflix-shard-00-00-qgaw0.mongodb.net:27017, mflix-shard-00-01-qgaw0.mongodb.net:27017], passives=[], arbiters=[], primary='mflix-shard-00-00-qgaw0.mongodb.net:27017', tagSet=TagSet{[Tag{name='region', value='US_EAST_1'}, Tag{name='provider', value='AWS'}, Tag{name='nodeType', value='ELECTABLE'}]}, electionId=null, setVersion=1, lastWriteDate=Tue Oct 01 08:51:36 UYT 2019, lastUpdateTimeNanos=558299496242600}
08:51:53.058 [cluster-ClusterId{value='5d933dd7d460a41b00e2ecc7', description='null'}-mflix-shard-00-00-qgaw0.mongodb.net:27017] INFO org.mongodb.driver.cluster - Setting max election id to 7fffffff0000000000000007 from replica set primary mflix-shard-00-00-qgaw0.mongodb.net:27017
08:51:53.058 [cluster-ClusterId{value='5d933dd7d460a41b00e2ecc7', description='null'}-mflix-shard-00-00-qgaw0.mongodb.net:27017] INFO org.mongodb.driver.cluster - Setting max set version to 1 from replica set primary mflix-shard-00-00-qgaw0.mongodb.net:27017
08:51:53.058 [cluster-ClusterId{value='5d933dd7d460a41b00e2ecc7', description='null'}-mflix-shard-00-00-qgaw0.mongodb.net:27017] INFO org.mongodb.driver.cluster - Discovered replica set primary mflix-shard-00-00-qgaw0.mongodb.net:27017
08:51:53.060 [cluster-ClusterId{value='5d933dd7d460a41b00e2ecc7', description='null'}-mflix-shard-00-00-qgaw0.mongodb.net:27017] DEBUG org.mongodb.driver.cluster - Updating cluster description to  {type=REPLICA_SET, servers=[{address=mflix-shard-00-01-qgaw0.mongodb.net:27017, type=UNKNOWN, state=CONNECTING}, {address=mflix-shard-00-00-qgaw0.mongodb.net:27017, type=REPLICA_SET_PRIMARY, TagSet{[Tag{name='region', value='US_EAST_1'}, Tag{name='provider', value='AWS'}, Tag{name='nodeType', value='ELECTABLE'}]}, roundTripTime=160.3 ms, state=CONNECTED}, {address=mflix-shard-00-02-qgaw0.mongodb.net:27017, type=REPLICA_SET_SECONDARY, TagSet{[Tag{name='region', value='US_EAST_1'}, Tag{name='provider', value='AWS'}, Tag{name='nodeType', value='ELECTABLE'}]}, roundTripTime=159.8 ms, state=CONNECTED}]
08:51:53.060 [cluster-ClusterId{value='5d933dd7d460a41b00e2ecc7', description='null'}-mflix-shard-00-01-qgaw0.mongodb.net:27017] DEBUG org.mongodb.driver.cluster - Updating cluster description to  {type=REPLICA_SET, servers=[{address=mflix-shard-00-01-qgaw0.mongodb.net:27017, type=REPLICA_SET_SECONDARY, TagSet{[Tag{name='region', value='US_EAST_1'}, Tag{name='provider', value='AWS'}, Tag{name='nodeType', value='ELECTABLE'}]}, roundTripTime=159.2 ms, state=CONNECTED}, {address=mflix-shard-00-00-qgaw0.mongodb.net:27017, type=REPLICA_SET_PRIMARY, TagSet{[Tag{name='region', value='US_EAST_1'}, Tag{name='provider', value='AWS'}, Tag{name='nodeType', value='ELECTABLE'}]}, roundTripTime=160.3 ms, state=CONNECTED}, {address=mflix-shard-00-02-qgaw0.mongodb.net:27017, type=REPLICA_SET_SECONDARY, TagSet{[Tag{name='region', value='US_EAST_1'}, Tag{name='provider', value='AWS'}, Tag{name='nodeType', value='ELECTABLE'}]}, roundTripTime=159.8 ms, state=CONNECTED}]
08:51:53.555 [cluster-ClusterId{value='5d933dd7d460a41b00e2ecc7', description='null'}-mflix-shard-00-02-qgaw0.mongodb.net:27017] DEBUG org.mongodb.driver.cluster - Checking status of mflix-shard-00-02-qgaw0.mongodb.net:27017
08:51:53.557 [cluster-ClusterId{value='5d933dd7d460a41b00e2ecc7', description='null'}-mflix-shard-00-02-qgaw0.mongodb.net:27017] DEBUG org.mongodb.driver.protocol.command - Sending command '{ "ismaster" : 1, "$db" : "admin", "$clusterTime" : { "clusterTime" : { "$timestamp" : { "t" : 1569930696, "i" : 13 } }, "signature" : { "hash" : { "$binary" : { "base64" : "C5LeE7Y6RGd2/P7jFupwCoFe00A=", "subType" : "00" } }, "keyId" : 6688656478204592130 } } }' with request id 33 to database admin on connection [connectionId{localValue:6, serverValue:525679}] to server mflix-shard-00-02-qgaw0.mongodb.net:27017
08:51:53.713 [cluster-ClusterId{value='5d933dd7d460a41b00e2ecc7', description='null'}-mflix-shard-00-02-qgaw0.mongodb.net:27017] DEBUG org.mongodb.driver.protocol.command - Execution of command with request id 33 completed successfully in 157.14 ms on connection [connectionId{localValue:6, serverValue:525679}] to server mflix-shard-00-02-qgaw0.mongodb.net:27017
08:51:53.715 [cluster-ClusterId{value='5d933dd7d460a41b00e2ecc7', description='null'}-mflix-shard-00-02-qgaw0.mongodb.net:27017] DEBUG org.mongodb.driver.cluster - Updating cluster description to  {type=REPLICA_SET, servers=[{address=mflix-shard-00-01-qgaw0.mongodb.net:27017, type=REPLICA_SET_SECONDARY, TagSet{[Tag{name='region', value='US_EAST_1'}, Tag{name='provider', value='AWS'}, Tag{name='nodeType', value='ELECTABLE'}]}, roundTripTime=159.2 ms, state=CONNECTED}, {address=mflix-shard-00-00-qgaw0.mongodb.net:27017, type=REPLICA_SET_PRIMARY, TagSet{[Tag{name='region', value='US_EAST_1'}, Tag{name='provider', value='AWS'}, Tag{name='nodeType', value='ELECTABLE'}]}, roundTripTime=160.3 ms, state=CONNECTED}, {address=mflix-shard-00-02-qgaw0.mongodb.net:27017, type=REPLICA_SET_SECONDARY, TagSet{[Tag{name='region', value='US_EAST_1'}, Tag{name='provider', value='AWS'}, Tag{name='nodeType', value='ELECTABLE'}]}, roundTripTime=159.5 ms, state=CONNECTED}]
08:51:54.527 [main] INFO org.mongodb.driver.connection - Opened connection [connectionId{localValue:8, serverValue:584816}] to mflix-shard-00-00-qgaw0.mongodb.net:27017
08:51:54.531 [main] DEBUG org.mongodb.driver.protocol.command - Sending command '{ "aggregate" : "movies", "pipeline" : [{ "$match" : { "lastupdated" : { "$type" : "string" } } }, { "$group" : { "_id" : null, "n" : { "$sum" : 1 } } }], "cursor" : { }, "$db" : "sample_mflix", "$clusterTime" : { "clusterTime" : { "$timestamp" : { "t" : 1569930696, "i" : 13 } }, "signature" : { "hash" : { "$binary" : { "base64" : "C5LeE7Y6RGd2/P7jFupwCoFe00A=", "subType" : "00" } }, "keyId" : 6688656478204592130 } }, "lsid" : { "id" : { "$binary" : { "base64" : "r0x9A5Q+T/GcFpfLHyJm8w==", "subType" : "04" } } } }' with request id 39 to database sample_mflix on connection [connectionId{localValue:8, serverValue:584816}] to server mflix-shard-00-00-qgaw0.mongodb.net:27017
08:51:54.713 [main] DEBUG org.mongodb.driver.protocol.command - Execution of command with request id 39 completed successfully in 183.00 ms on connection [connectionId{localValue:8, serverValue:584816}] to server mflix-shard-00-00-qgaw0.mongodb.net:27017
]]></system-out>
  </testcase>
</testsuite>